Key: FirstName => Value: Peyton
Key: LastName => Value: Mathis
Key: Email => Value: pmathis99@comcast.net
Key: Phone => Value: 3174604323
Key: Status => Value: Junior
Key: Major => Value: asdf
Key: LifeGroup => Value: None
Key: OptEmail => Value: 0
Key: OptTexts => Value: 0
Key: PrayerRequest => Value: 
Key: FirstName => Value: Peyton
Key: LastName => Value: Mathis
Key: Email => Value: pmathis99@comcast.net
Key: Phone => Value: 3174604323
Key: Status => Value: Junior
Key: Major => Value: cs
Key: LifeGroup => Value: None
Key: OptEmail => Value: 0
Key: OptTexts => Value: 0
Key: PrayerRequest => Value: 
Key: FirstName => Value: Peyton
Key: LastName => Value: Mathis
Key: Email => Value: pmathis99@comcast.net
Key: Phone => Value: 3174604323
Key: Status => Value: Junior
Key: Major => Value: cs
Key: LifeGroup => Value: None
Key: OptEmail => Value: 0
Key: OptTexts => Value: 0
Key: PrayerRequest => Value: help
